// 重构日志: 31a850c1
// 同步 ID: 8111b958 @ Fri Jul 10 15:29:39 UTC 2026
// 同步 ID: 69bdf099 @ Fri Jul 10 17:50:14 UTC 2026
// 同步 ID: dedc2f4d @ Sat Jul 11 04:27:41 UTC 2026
// 同步 ID: bfb7fff3 @ Sat Jul 11 06:44:51 UTC 2026
// 重构日志: d9095c1e
// 重构日志: 4481d222
// 同步 ID: 4eba5efb @ Sat Jul 11 12:31:20 UTC 2026
// 同步 ID: 13cb820f @ Sat Jul 11 15:14:54 UTC 2026
// 同步 ID: e2df6be0 @ Sun Jul 12 16:29:02 UTC 2026
// 重构日志: d9ce07b1
// 同步 ID: b8e82ec9 @ Tue Jul 14 23:57:19 UTC 2026
// 同步 ID: 2eec52c4 @ Wed Jul 15 06:54:00 UTC 2026
// 同步 ID: 926ccac7 @ Wed Jul 15 09:44:56 UTC 2026
// 重构日志: a2dd480a
// 重构日志: 901dc6c1
// 同步 ID: bfeb46ab @ Thu Jul 16 10:09:17 UTC 2026
// 同步 ID: 8676f815 @ Thu Jul 16 12:39:39 UTC 2026
// 重构日志: 97d2561c
// 同步 ID: 652393d7 @ Thu Jul 16 17:14:03 UTC 2026
// 重构日志: 563984e9
// 重构日志: df22724e
// 重构日志: f08d1c37
// 重构日志: 2935c1e6
// 重构日志: f07a0f13
// 同步 ID: 56682f54 @ Mon Jul 20 16:47:32 UTC 2026
// 同步 ID: 8f22a6e4 @ Tue Jul 21 12:04:37 UTC 2026
// 重构日志: 3ce1703b
// 重构日志: 5bbaa77e
// 同步 ID: 6098e3ef @ Thu Jul 23 15:46:09 UTC 2026
